<?xml version="1.0" encoding="UTF-8"?>
<!-- Generated by org.testng.reporters.JUnitReportReporter -->
<testsuite name="com.vtiger.genericLibrary.DataProv" tests="3" time="0.053" ignored="0" failures="0" timestamp="31 Jan 2020 07:52:55 GMT" skipped="0" hostname="DESKTOP-OQ0JEGT" errors="0">
  <testcase name="data" time="0.000" classname="com.vtiger.genericLibrary.DataProv"/>
  <testcase name="data" time="0.000" classname="com.vtiger.genericLibrary.DataProv"/>
  <testcase name="data" time="0.053" classname="com.vtiger.genericLibrary.DataProv"/>
</testsuite> <!-- com.vtiger.genericLibrary.DataProv -->
