<?xml version="1.0" encoding="UTF-8"?>
<!-- Generated by org.testng.reporters.JUnitReportReporter -->
<testsuite name="com.vtiger.purchasescripts.CreatePurchaseOrder" tests="2" time="80.523" ignored="0" failures="0" timestamp="01 Feb 2020 05:24:15 GMT" skipped="0" hostname="DESKTOP-OQ0JEGT" errors="0">
  <testcase name="createPurchase" time="43.460" classname="com.vtiger.purchasescripts.CreatePurchaseOrder"/>
  <testcase name="createVendor" time="37.063" classname="com.vtiger.purchasescripts.CreatePurchaseOrder"/>
</testsuite> <!-- com.vtiger.purchasescripts.CreatePurchaseOrder -->
