<?xml version="1.0" encoding="UTF-8"?>
<!-- Generated by org.testng.reporters.JUnitReportReporter -->
<testsuite name="com.VTiger.PurchaseOrder.TC_Create_purchaseOrder_from_VendorModule" tests="1" time="62.078" ignored="0" failures="0" timestamp="25 Jan 2020 03:50:47 GMT" skipped="0" hostname="DESKTOP-OQ0JEGT" errors="0">
  <testcase name="createPurchaseTest" time="62.078" classname="com.VTiger.PurchaseOrder.TC_Create_purchaseOrder_from_VendorModule"/>
</testsuite> <!-- com.VTiger.PurchaseOrder.TC_Create_purchaseOrder_from_VendorModule -->
